<?xml version="1.0" encoding="UTF-8"?>
<testsuites name="New Test Suite2" time="3" tests="3" failures="0" errors="0">
   <testsuite name="New Test Suite2" tests="3" failures="0" errors="0" time="3" timestamp="2018-11-13 17:32:35" hostname="raghav - 192.168.1.2" id="Test Suites/New Test Suite2">
      <properties>
         <property name="deviceName" value=""/>
         <property name="devicePlatform" value=""/>
         <property name="logFolder" value="/Users/raghav/Katalon Studio/SampleRESTAPITestingProject/Reports/New Test Suite2/20181113_173232"/>
         <property name="logFiles" value="/Users/raghav/Katalon Studio/SampleRESTAPITestingProject/Reports/New Test Suite2/20181113_173232/execution0.log"/>
         <property name="attachments" value=""/>
         <property name="hostName" value="raghav - 192.168.1.2"/>
         <property name="hostAddress" value="192.168.1.2"/>
         <property name="os" value="Mac OS X 64bit"/>
         <property name="katalonVersion" value="5.8.4.14"/>
      </properties>
      <testcase name="Test Cases/New Test Case (1)" classname="Test Cases/New Test Case (1)" status="PASSED">
         <system-out><![CDATA[2018-11-13 17:32:35 - [TEST_CASE][PASSED] - Test Cases/New Test Case (1): Test Cases/New Test Case (1)

2018-11-13 17:32:36 - [TEST_STEP][PASSED] - Statement - println(".... using username : " + Username): null

2018-11-13 17:32:36 - [TEST_STEP][PASSED] - sendRequest: Send request successfully

2018-11-13 17:32:37 - [MESSAGE][PASSED] - Send request successfully]]></system-out>
         <system-err><![CDATA[]]></system-err>
      </testcase>
      <testcase name="Test Cases/New Test Case (1)" classname="Test Cases/New Test Case (1)" status="PASSED">
         <system-out><![CDATA[2018-11-13 17:32:37 - [TEST_CASE][PASSED] - Test Cases/New Test Case (1): Test Cases/New Test Case (1)

2018-11-13 17:32:37 - [TEST_STEP][PASSED] - Statement - println(".... using username : " + Username): null

2018-11-13 17:32:37 - [TEST_STEP][PASSED] - sendRequest: Send request successfully

2018-11-13 17:32:38 - [MESSAGE][PASSED] - Send request successfully]]></system-out>
         <system-err><![CDATA[]]></system-err>
      </testcase>
      <testcase name="Test Cases/New Test Case (1)" classname="Test Cases/New Test Case (1)" status="PASSED">
         <system-out><![CDATA[2018-11-13 17:32:38 - [TEST_CASE][PASSED] - Test Cases/New Test Case (1): Test Cases/New Test Case (1)

2018-11-13 17:32:38 - [TEST_STEP][PASSED] - Statement - println(".... using username : " + Username): null

2018-11-13 17:32:38 - [TEST_STEP][PASSED] - sendRequest: Send request successfully

2018-11-13 17:32:39 - [MESSAGE][PASSED] - Send request successfully]]></system-out>
         <system-err><![CDATA[]]></system-err>
      </testcase>
      <system-out><![CDATA[2018-11-13 17:32:35 - [TEST_SUITE][PASSED] - New Test Suite2: Test Cases/New Test Case (1)]]></system-out>
      <system-err><![CDATA[]]></system-err>
   </testsuite>
</testsuites>
