<?xml version="1.0" encoding="UTF-8"?>
<testsuites name="DataDrivenDemo" time="4" tests="3" failures="0" errors="0">
   <testsuite name="DataDrivenDemo" tests="3" failures="0" errors="0" time="4" timestamp="2018-11-13 17:42:14" hostname="raghav - 192.168.1.2" id="Test Suites/DataDrivenDemo">
      <properties>
         <property name="deviceName" value=""/>
         <property name="devicePlatform" value=""/>
         <property name="logFolder" value="/Users/raghav/Katalon Studio/SampleRESTAPITestingProject/Reports/DataDrivenDemo/20181113_174210"/>
         <property name="logFiles" value="/Users/raghav/Katalon Studio/SampleRESTAPITestingProject/Reports/DataDrivenDemo/20181113_174210/execution0.log"/>
         <property name="attachments" value=""/>
         <property name="hostName" value="raghav - 192.168.1.2"/>
         <property name="hostAddress" value="192.168.1.2"/>
         <property name="os" value="Mac OS X 64bit"/>
         <property name="katalonVersion" value="5.8.4.14"/>
      </properties>
      <testcase name="Test Cases/DataDrivenDemoTest" classname="Test Cases/DataDrivenDemoTest" status="PASSED">
         <system-out><![CDATA[2018-11-13 17:42:15 - [TEST_CASE][PASSED] - Test Cases/DataDrivenDemoTest: Test Cases/DataDrivenDemoTest

2018-11-13 17:42:16 - [TEST_STEP][PASSED] - Statement - println("... using username : " + Username): null

2018-11-13 17:42:16 - [TEST_STEP][PASSED] - sendRequest: Send request successfully

2018-11-13 17:42:18 - [MESSAGE][PASSED] - Send request successfully]]></system-out>
         <system-err><![CDATA[]]></system-err>
      </testcase>
      <testcase name="Test Cases/DataDrivenDemoTest" classname="Test Cases/DataDrivenDemoTest" status="PASSED">
         <system-out><![CDATA[2018-11-13 17:42:18 - [TEST_CASE][PASSED] - Test Cases/DataDrivenDemoTest: Test Cases/DataDrivenDemoTest

2018-11-13 17:42:18 - [TEST_STEP][PASSED] - Statement - println("... using username : " + Username): null

2018-11-13 17:42:18 - [TEST_STEP][PASSED] - sendRequest: Send request successfully

2018-11-13 17:42:18 - [MESSAGE][PASSED] - Send request successfully]]></system-out>
         <system-err><![CDATA[]]></system-err>
      </testcase>
      <testcase name="Test Cases/DataDrivenDemoTest" classname="Test Cases/DataDrivenDemoTest" status="PASSED">
         <system-out><![CDATA[2018-11-13 17:42:18 - [TEST_CASE][PASSED] - Test Cases/DataDrivenDemoTest: Test Cases/DataDrivenDemoTest

2018-11-13 17:42:19 - [TEST_STEP][PASSED] - Statement - println("... using username : " + Username): null

2018-11-13 17:42:19 - [TEST_STEP][PASSED] - sendRequest: Send request successfully

2018-11-13 17:42:19 - [MESSAGE][PASSED] - Send request successfully]]></system-out>
         <system-err><![CDATA[]]></system-err>
      </testcase>
      <system-out><![CDATA[2018-11-13 17:42:14 - [TEST_SUITE][PASSED] - DataDrivenDemo: Test Cases/DataDrivenDemoTest]]></system-out>
      <system-err><![CDATA[]]></system-err>
   </testsuite>
</testsuites>
